2013-07-02 19:01:03 Notice: Notice (8): Undefined variable: i in [/Users/rodrigozulu/desenvolvimento/www/boomviagens/site.admin/views/elements/form/destino.ctp, line 28]
2013-07-02 19:01:03 Notice: Notice (8): Undefined variable: i in [/Users/rodrigozulu/desenvolvimento/www/boomviagens/site.admin/views/elements/form/destino.ctp, line 29]
2013-07-02 19:01:03 Notice: Notice (8): Undefined variable: i in [/Users/rodrigozulu/desenvolvimento/www/boomviagens/site.admin/views/elements/form/destino.ctp, line 30]
2013-07-02 19:01:03 Notice: Notice (8): Undefined variable: i in [/Users/rodrigozulu/desenvolvimento/www/boomviagens/site.admin/views/elements/form/destino.ctp, line 31]
2013-07-02 19:01:23 Notice: Notice (8): Undefined variable: i in [/Users/rodrigozulu/desenvolvimento/www/boomviagens/site.admin/views/elements/form/destino.ctp, line 29]
2013-07-02 19:01:23 Notice: Notice (8): Undefined variable: i in [/Users/rodrigozulu/desenvolvimento/www/boomviagens/site.admin/views/elements/form/destino.ctp, line 30]
2013-07-02 19:01:23 Notice: Notice (8): Undefined variable: i in [/Users/rodrigozulu/desenvolvimento/www/boomviagens/site.admin/views/elements/form/destino.ctp, line 31]
2013-07-02 19:01:23 Notice: Notice (8): Undefined variable: i in [/Users/rodrigozulu/desenvolvimento/www/boomviagens/site.admin/views/elements/form/destino.ctp, line 32]
2013-07-02 19:03:19 Notice: Notice (8): Undefined variable: i in [/Users/rodrigozulu/desenvolvimento/www/boomviagens/site.admin/views/elements/form/destino.ctp, line 28]
2013-07-02 19:03:19 Notice: Notice (8): Undefined variable: i in [/Users/rodrigozulu/desenvolvimento/www/boomviagens/site.admin/views/elements/form/destino.ctp, line 29]
2013-07-02 19:03:19 Notice: Notice (8): Undefined variable: i in [/Users/rodrigozulu/desenvolvimento/www/boomviagens/site.admin/views/elements/form/destino.ctp, line 30]
2013-07-02 19:03:20 Notice: Notice (8): Undefined variable: i in [/Users/rodrigozulu/desenvolvimento/www/boomviagens/site.admin/views/elements/form/destino.ctp, line 31]
2013-07-02 19:03:33 Notice: Notice (8): Undefined variable: i in [/Users/rodrigozulu/desenvolvimento/www/boomviagens/site.admin/views/elements/form/destino.ctp, line 23]
2013-07-02 19:03:33 Notice: Notice (8): Undefined variable: i in [/Users/rodrigozulu/desenvolvimento/www/boomviagens/site.admin/views/elements/form/destino.ctp, line 24]
2013-07-02 19:03:33 Notice: Notice (8): Undefined variable: i in [/Users/rodrigozulu/desenvolvimento/www/boomviagens/site.admin/views/elements/form/destino.ctp, line 25]
2013-07-02 19:03:33 Notice: Notice (8): Undefined variable: i in [/Users/rodrigozulu/desenvolvimento/www/boomviagens/site.admin/views/elements/form/destino.ctp, line 26]
2013-07-02 19:04:34 Notice: Notice (8): Undefined variable: i in [/Users/rodrigozulu/desenvolvimento/www/boomviagens/site.admin/views/elements/form/destino.ctp, line 23]
2013-07-02 19:04:34 Notice: Notice (8): Undefined variable: i in [/Users/rodrigozulu/desenvolvimento/www/boomviagens/site.admin/views/elements/form/destino.ctp, line 24]
2013-07-02 19:04:34 Notice: Notice (8): Undefined variable: i in [/Users/rodrigozulu/desenvolvimento/www/boomviagens/site.admin/views/elements/form/destino.ctp, line 25]
2013-07-02 19:04:34 Notice: Notice (8): Undefined variable: i in [/Users/rodrigozulu/desenvolvimento/www/boomviagens/site.admin/views/elements/form/destino.ctp, line 26]
2013-07-02 19:06:37 Notice: Notice (8): Undefined variable: i in [/Users/rodrigozulu/desenvolvimento/www/boomviagens/site.admin/views/elements/form/destino.ctp, line 23]
2013-07-02 19:06:37 Notice: Notice (8): Undefined variable: i in [/Users/rodrigozulu/desenvolvimento/www/boomviagens/site.admin/views/elements/form/destino.ctp, line 24]
2013-07-02 19:06:37 Notice: Notice (8): Undefined variable: i in [/Users/rodrigozulu/desenvolvimento/www/boomviagens/site.admin/views/elements/form/destino.ctp, line 25]
2013-07-02 19:06:37 Notice: Notice (8): Undefined variable: i in [/Users/rodrigozulu/desenvolvimento/www/boomviagens/site.admin/views/elements/form/destino.ctp, line 26]
2013-07-02 19:08:48 Notice: Notice (8): Undefined variable: i in [/Users/rodrigozulu/desenvolvimento/www/boomviagens/site.admin/views/elements/form/destino.ctp, line 23]
2013-07-02 19:08:48 Notice: Notice (8): Undefined variable: i in [/Users/rodrigozulu/desenvolvimento/www/boomviagens/site.admin/views/elements/form/destino.ctp, line 24]
2013-07-02 19:08:48 Notice: Notice (8): Undefined variable: i in [/Users/rodrigozulu/desenvolvimento/www/boomviagens/site.admin/views/elements/form/destino.ctp, line 25]
2013-07-02 19:08:48 Notice: Notice (8): Undefined variable: i in [/Users/rodrigozulu/desenvolvimento/www/boomviagens/site.admin/views/elements/form/destino.ctp, line 26]
2013-07-02 19:26:27 Notice: Notice (8): Undefined variable: key in [/Users/rodrigozulu/desenvolvimento/www/boomviagens/site.admin/views/elements/admin/form/default_form_input.ctp, line 3]
2013-07-02 19:26:27 Notice: Notice (8): Undefined variable: i in [/Users/rodrigozulu/desenvolvimento/www/boomviagens/site.admin/views/elements/admin/form/default_form_input.ctp, line 9]
2013-07-02 19:26:27 Notice: Notice (8): Undefined variable: params in [/Users/rodrigozulu/desenvolvimento/www/boomviagens/site.admin/views/elements/admin/form/default_form_input.ctp, line 11]
2013-07-02 19:26:27 Notice: Notice (8): Undefined variable: key in [/Users/rodrigozulu/desenvolvimento/www/boomviagens/site.admin/views/elements/admin/form/default_form_input.ctp, line 53]
2013-07-02 19:28:25 Notice: Notice (8): Undefined variable: key in [/Users/rodrigozulu/desenvolvimento/www/boomviagens/site.admin/views/elements/admin/form/default_form_input.ctp, line 2]
2013-07-02 19:30:49 Notice: Notice (8): Undefined variable: i in [/Users/rodrigozulu/desenvolvimento/www/boomviagens/site.admin/views/elements/admin/form/default_form_input.ctp, line 3]
2013-07-02 19:31:05 Notice: Notice (8): Undefined variable: i in [/Users/rodrigozulu/desenvolvimento/www/boomviagens/site.admin/views/elements/admin/form/default_form_input.ctp, line 3]
2013-07-02 19:34:00 Notice: Notice (8): Undefined variable: params in [/Users/rodrigozulu/desenvolvimento/www/boomviagens/site.admin/views/elements/form/destino.ctp, line 27]
2013-07-05 09:09:55 Notice: Notice (8): Undefined property: View::$id in [/Users/rodrigozulu/desenvolvimento/www/boomviagens/site.admin/views/elements/form/destino.ctp, line 90]
2013-07-05 09:39:56 Notice: Notice (8): Undefined variable: upload_config in [/Users/rodrigozulu/desenvolvimento/www/boomviagens/site.admin/views/elements/form/destino.ctp, line 94]
2013-07-05 16:05:15 Notice: Notice (8): Undefined property: qqFileUploader::$filename in [/Users/rodrigozulu/desenvolvimento/www/boomviagens/site.admin/controllers/destino_fotos_controller.php, line 45]
2013-07-05 16:05:17 Notice: Notice (8): Undefined property: qqFileUploader::$filename in [/Users/rodrigozulu/desenvolvimento/www/boomviagens/site.admin/controllers/destino_fotos_controller.php, line 45]
2013-07-05 16:05:18 Notice: Notice (8): Undefined property: qqFileUploader::$filename in [/Users/rodrigozulu/desenvolvimento/www/boomviagens/site.admin/controllers/destino_fotos_controller.php, line 45]
2013-07-05 16:05:20 Notice: Notice (8): Undefined property: qqFileUploader::$filename in [/Users/rodrigozulu/desenvolvimento/www/boomviagens/site.admin/controllers/destino_fotos_controller.php, line 45]
2013-07-05 17:08:10 Notice: Notice (8): Undefined property: qqFileUploader::$filename in [/Users/rodrigozulu/desenvolvimento/www/boomviagens/site.admin/controllers/destino_fotos_controller.php, line 45]
2013-07-05 17:28:55 Notice: Notice (8): Undefined variable: galeria_atual in [/Users/rodrigozulu/desenvolvimento/www/boomviagens/site.admin/views/destino_fotos/add.ctp, line 8]
2013-07-05 17:28:55 Notice: Notice (8): Undefined index: filter[GaleriaArquivo.galeria_id] in [/Users/rodrigozulu/desenvolvimento/www/boomviagens/site.admin/views/destino_fotos/add.ctp, line 9]
2013-07-05 17:29:37 Notice: Notice (8): Undefined variable: galeria_atual in [/Users/rodrigozulu/desenvolvimento/www/boomviagens/site.admin/views/destino_fotos/add.ctp, line 8]
2013-07-05 17:29:49 Notice: Notice (8): Undefined index: DestinoFoto in [/Users/rodrigozulu/desenvolvimento/www/boomviagens/site.admin/views/destino_fotos/add.ctp, line 8]
2013-07-05 17:30:14 Notice: Notice (8): Undefined property: qqFileUploader::$filename in [/Users/rodrigozulu/desenvolvimento/www/boomviagens/site.admin/controllers/destino_fotos_controller.php, line 45]
2013-07-05 17:32:33 Notice: Notice (8): Undefined index: Galeria in [/Users/rodrigozulu/desenvolvimento/www/boomviagens/site.admin/views/destino_fotos/index.ctp, line 3]
2013-07-05 17:32:33 Notice: Notice (8): Undefined variable: galeria_atual in [/Users/rodrigozulu/desenvolvimento/www/boomviagens/site.admin/views/destino_fotos/index.ctp, line 4]
2013-07-05 22:56:50 Notice: Notice (8): Undefined variable: fileuploader in [/Users/rodrigozulu/desenvolvimento/www/boomviagens/site.admin/views/elements/form/destino.ctp, line 89]
2013-07-05 23:14:22 Notice: Notice (8): Undefined index: DestinoFoto in [/Users/rodrigozulu/desenvolvimento/www/boomviagens/site.admin/views/elements/form/destino.ctp, line 127]
2013-07-05 23:14:47 Notice: Notice (8): Undefined index: DestinoFoto in [/Users/rodrigozulu/desenvolvimento/www/boomviagens/site.admin/views/elements/form/destino.ctp, line 127]
2013-07-05 23:15:18 Notice: Notice (8): Undefined index: Destino in [/Users/rodrigozulu/desenvolvimento/www/boomviagens/site.admin/views/elements/admin/sortable_index.ctp, line 78]
2013-07-05 23:15:18 Notice: Notice (8): Undefined index: Destino in [/Users/rodrigozulu/desenvolvimento/www/boomviagens/site.admin/views/elements/admin/sortable_index.ctp, line 85]
2013-07-05 23:15:18 Notice: Notice (8): Undefined index: Destino in [/Users/rodrigozulu/desenvolvimento/www/boomviagens/site.admin/views/elements/admin/sortable_index.ctp, line 98]
2013-07-05 23:15:18 Notice: Notice (8): Undefined index: Destino in [/Users/rodrigozulu/desenvolvimento/www/boomviagens/site.admin/views/elements/admin/sortable_index.ctp, line 126]
2013-07-05 23:39:26 Notice: Notice (8): Undefined property: DestinoFoto::$__fixPosition in [/Users/rodrigozulu/desenvolvimento/www/boomviagens/site/models/behaviors/sortable.php, line 82]
2013-07-07 23:33:48 Notice: Notice (8): Undefined index: parent_id in [/Users/rodrigozulu/desenvolvimento/www/boomviagens/site/models/roteiro.php, line 81]
2013-07-07 23:35:10 Notice: Notice (8): Undefined index: parent_id in [/Users/rodrigozulu/desenvolvimento/www/boomviagens/site/models/roteiro.php, line 81]
2013-07-07 23:43:32 Notice: Notice (8): Array to string conversion in [/Users/rodrigozulu/desenvolvimento/cakephp_framework.1.3/cake/libs/router.php, line 1573]
2013-07-07 23:43:49 Notice: Notice (8): Array to string conversion in [/Users/rodrigozulu/desenvolvimento/cakephp_framework.1.3/cake/libs/router.php, line 1573]
2013-07-07 23:44:20 Notice: Notice (8): Array to string conversion in [/Users/rodrigozulu/desenvolvimento/cakephp_framework.1.3/cake/libs/router.php, line 1573]
2013-07-07 23:49:09 Notice: Notice (8): Undefined index: Destino in [/Users/rodrigozulu/desenvolvimento/www/boomviagens/site.admin/views/elements/form/roteiro.ctp, line 89]
2013-07-07 23:54:08 Notice: Notice (8): Undefined index: title in [/Users/rodrigozulu/desenvolvimento/www/boomviagens/site.admin/views/elements/admin/_box_filter.ctp, line 6]
2013-07-07 23:54:08 Notice: Notice (8): Undefined index: options in [/Users/rodrigozulu/desenvolvimento/www/boomviagens/site.admin/views/elements/admin/_box_filter.ctp, line 9]
2013-07-08 00:01:00 Notice: Notice (8): Undefined offset: 0 in [/Users/rodrigozulu/desenvolvimento/www/boomviagens/site.admin/views/destino_fotos/index.ctp, line 3]
2013-07-08 00:01:49 Notice: Notice (8): Undefined offset: 0 in [/Users/rodrigozulu/desenvolvimento/www/boomviagens/site.admin/views/destino_fotos/index.ctp, line 3]
2013-07-08 00:13:49 Notice: Notice (8): Undefined index: Destino in [/Users/rodrigozulu/desenvolvimento/www/boomviagens/site.admin/views/elements/form/roteiro.ctp, line 89]
2013-07-08 00:13:57 Notice: Notice (8): Undefined index: Destino in [/Users/rodrigozulu/desenvolvimento/www/boomviagens/site.admin/views/elements/form/roteiro.ctp, line 89]
2013-07-08 00:18:54 Notice: Notice (8): Undefined index: nome_roteiros_count in [/Users/rodrigozulu/desenvolvimento/www/boomviagens/site.admin/views/elements/admin/tree_index.ctp, line 328]
2013-07-08 00:46:07 Notice: Notice (8): Undefined index: Destino in [/Users/rodrigozulu/desenvolvimento/www/boomviagens/site.admin/views/elements/form/roteiro.ctp, line 89]
2013-07-08 00:46:43 Notice: Notice (8): Undefined index: Destino in [/Users/rodrigozulu/desenvolvimento/www/boomviagens/site.admin/views/elements/form/roteiro.ctp, line 89]
2013-07-08 14:02:28 Notice: Notice (8): Undefined index: Destino in [/Users/rodrigozulu/desenvolvimento/www/boomviagens/site.admin/views/elements/form/roteiro.ctp, line 89]
2013-07-08 14:48:35 Notice: Notice (8): Undefined index: Destino in [/Users/rodrigozulu/desenvolvimento/www/boomviagens/site.admin/views/elements/form/roteiro.ctp, line 90]
2013-07-08 14:54:01 Notice: Notice (8): Undefined property: ViagemTipo::$options in [/Users/rodrigozulu/desenvolvimento/www/boomviagens/site/models/viagem_tipo.php, line 83]
2013-07-08 14:58:34 Notice: Notice (8): Undefined property: Roteiro::$DestinoTipo in [/Users/rodrigozulu/desenvolvimento/www/boomviagens/site/models/roteiro.php, line 82]
2013-07-08 15:15:24 Notice: Notice (8): Undefined index: Destino in [/Users/rodrigozulu/desenvolvimento/www/boomviagens/site.admin/views/elements/form/roteiro.ctp, line 90]
2013-07-08 15:19:55 Notice: Notice (8): Undefined index: Destino in [/Users/rodrigozulu/desenvolvimento/www/boomviagens/site.admin/views/elements/form/roteiro.ctp, line 90]
2013-07-08 15:20:48 Notice: Notice (8): Undefined index: Destino in [/Users/rodrigozulu/desenvolvimento/www/boomviagens/site.admin/views/elements/form/roteiro.ctp, line 90]
2013-07-08 15:21:41 Notice: Notice (8): Undefined index: Destino in [/Users/rodrigozulu/desenvolvimento/www/boomviagens/site.admin/views/elements/form/roteiro.ctp, line 90]
2013-07-08 15:28:57 Notice: Notice (8): Undefined offset: 0 in [/Users/rodrigozulu/desenvolvimento/cakephp_framework.1.3/cake/libs/model/model.php, line 2220]
2013-07-08 15:28:57 Notice: Notice (8): Undefined offset: 0 in [/Users/rodrigozulu/desenvolvimento/cakephp_framework.1.3/cake/libs/model/model.php, line 2221]
2013-07-08 15:42:26 Notice: Notice (8): Undefined index: Destino in [/Users/rodrigozulu/desenvolvimento/www/boomviagens/site.admin/views/elements/form/roteiro.ctp, line 90]
2013-07-08 15:44:27 Notice: Notice (8): Undefined index: tipo_viagem_id in [/Users/rodrigozulu/desenvolvimento/www/boomviagens/site.admin/views/elements/form/roteiro.ctp, line 67]
2013-07-08 15:44:27 Notice: Notice (8): Undefined variable: radioOptions in [/Users/rodrigozulu/desenvolvimento/cakephp_framework.1.3/cake/libs/view/helpers/form.php, line 874]
2013-07-08 15:44:27 Notice: Notice (8): Undefined index: Destino in [/Users/rodrigozulu/desenvolvimento/www/boomviagens/site.admin/views/elements/form/roteiro.ctp, line 90]
2013-07-08 15:44:52 Notice: Notice (8): Undefined index: Destino in [/Users/rodrigozulu/desenvolvimento/www/boomviagens/site.admin/views/elements/form/roteiro.ctp, line 90]
2013-07-08 15:45:43 Notice: Notice (8): Undefined index: Destino in [/Users/rodrigozulu/desenvolvimento/www/boomviagens/site.admin/views/elements/form/roteiro.ctp, line 90]
2013-07-08 15:46:13 Notice: Notice (8): Undefined index: Destino in [/Users/rodrigozulu/desenvolvimento/www/boomviagens/site.admin/views/elements/form/roteiro.ctp, line 90]
2013-07-08 15:49:24 Notice: Notice (8): Undefined index: Destino in [/Users/rodrigozulu/desenvolvimento/www/boomviagens/site.admin/views/elements/form/roteiro.ctp, line 99]
2013-07-08 15:57:22 Notice: Notice (8): Undefined index: Destino in [/Users/rodrigozulu/desenvolvimento/www/boomviagens/site.admin/views/elements/form/roteiro.ctp, line 61]
2013-07-08 15:57:34 Notice: Notice (8): Undefined index: Destino in [/Users/rodrigozulu/desenvolvimento/www/boomviagens/site.admin/views/elements/form/roteiro.ctp, line 61]
2013-07-08 15:57:48 Notice: Notice (8): Undefined index: Destino in [/Users/rodrigozulu/desenvolvimento/www/boomviagens/site.admin/views/elements/form/roteiro.ctp, line 59]
2013-07-08 15:58:01 Notice: Notice (8): Undefined index: Destino in [/Users/rodrigozulu/desenvolvimento/www/boomviagens/site.admin/views/elements/form/roteiro.ctp, line 99]
2013-07-09 14:18:29 Notice: Notice (8): Undefined index: Destino in [/Users/rodrigozulu/desenvolvimento/www/boomviagens/site.admin/views/elements/form/roteiro.ctp, line 4]
2013-07-09 14:18:29 Notice: Notice (8): Undefined index:  in [/Users/rodrigozulu/desenvolvimento/www/boomviagens/site.admin/views/elements/form/roteiro.ctp, line 4]
2013-07-09 14:31:59 Notice: Notice (8): Undefined property: View::$BoomViagens in [/Users/rodrigozulu/desenvolvimento/www/boomviagens/site.admin/views/elements/form/roteiro.ctp, line 216]
2013-07-09 14:32:34 Notice: Notice (8): Undefined property: View::$BoomViagens in [/Users/rodrigozulu/desenvolvimento/www/boomviagens/site.admin/views/elements/form/roteiro.ctp, line 216]
2013-07-09 14:37:20 Notice: Notice (8): Undefined variable: label in [/Users/rodrigozulu/desenvolvimento/www/boomviagens/site/views/helpers/country_list.php, line 26]
2013-07-09 14:37:20 Notice: Notice (8): Undefined variable: fieldname in [/Users/rodrigozulu/desenvolvimento/www/boomviagens/site/views/helpers/country_list.php, line 27]
2013-07-09 14:37:20 Notice: Notice (8): Undefined variable: attributes in [/Users/rodrigozulu/desenvolvimento/www/boomviagens/site/views/helpers/country_list.php, line 269]
2013-07-09 16:27:14 Notice: Notice (8): Undefined property: RoteirosController::$Roterio in [/Users/rodrigozulu/desenvolvimento/www/boomviagens/site.admin/controllers/roteiros_controller.php, line 30]
2013-07-10 15:53:51 Notice: Notice (8): Undefined property: View::$BoomViagens in [/Users/rodrigozulu/desenvolvimento/www/boomviagens/site.admin/views/roteiros/render_preco.ctp, line 10]
2013-07-10 15:54:12 Notice: Notice (8): Undefined property: View::$Html in [/Users/rodrigozulu/desenvolvimento/www/boomviagens/site.admin/views/roteiros/render_preco.ctp, line 4]
2013-07-11 14:26:33 Notice: Notice (8): Undefined variable: group_open in [/Users/rodrigozulu/desenvolvimento/www/boomviagens/site/views/helpers/boom_viagens.php, line 30]
2013-07-11 14:26:59 Notice: Notice (8): Undefined variable: group_open in [/Users/rodrigozulu/desenvolvimento/www/boomviagens/site/views/helpers/boom_viagens.php, line 30]
2013-07-11 15:20:31 Notice: Notice (8): Undefined index: 0 in [/Users/rodrigozulu/desenvolvimento/www/boomviagens/site.admin/views/elements/form/roteiro.ctp, line 4]
2013-07-11 15:21:51 Notice: Notice (8): Undefined index: 0 in [/Users/rodrigozulu/desenvolvimento/www/boomviagens/site.admin/views/elements/form/roteiro.ctp, line 4]
2013-07-11 15:22:55 Notice: Notice (8): Undefined index: 0 in [/Users/rodrigozulu/desenvolvimento/www/boomviagens/site.admin/views/elements/form/roteiro.ctp, line 4]
2013-07-11 15:23:07 Notice: Notice (8): Undefined index: 0 in [/Users/rodrigozulu/desenvolvimento/www/boomviagens/site.admin/views/elements/form/roteiro.ctp, line 4]
2013-07-11 15:23:17 Notice: Notice (8): Undefined index: 0 in [/Users/rodrigozulu/desenvolvimento/www/boomviagens/site.admin/views/elements/form/roteiro.ctp, line 4]
2013-07-11 15:23:53 Notice: Notice (8): Undefined index: 0 in [/Users/rodrigozulu/desenvolvimento/www/boomviagens/site.admin/views/elements/form/roteiro.ctp, line 4]
2013-07-11 15:23:59 Notice: Notice (8): Undefined index: 0 in [/Users/rodrigozulu/desenvolvimento/www/boomviagens/site.admin/views/elements/form/roteiro.ctp, line 4]
2013-07-11 15:24:08 Notice: Notice (8): Undefined index: 0 in [/Users/rodrigozulu/desenvolvimento/www/boomviagens/site.admin/views/elements/form/roteiro.ctp, line 4]
2013-07-11 15:25:06 Notice: Notice (8): Undefined index: 0 in [/Users/rodrigozulu/desenvolvimento/www/boomviagens/site.admin/views/elements/form/roteiro.ctp, line 4]
2013-07-11 15:50:14 Notice: Notice (8): Undefined variable: scripts_for_layout in [/Users/rodrigozulu/desenvolvimento/www/boomviagens/site/views/design/custom/elements/header-base.ctp, line 35]
2013-07-11 15:52:58 Notice: Notice (8): Undefined variable: scripts_for_layout in [/Users/rodrigozulu/desenvolvimento/www/boomviagens/site/views/design/custom/elements/header-base.ctp, line 35]
2013-07-11 15:53:00 Notice: Notice (8): Undefined variable: scripts_for_layout in [/Users/rodrigozulu/desenvolvimento/www/boomviagens/site/views/design/custom/elements/header-base.ctp, line 35]
2013-07-11 15:53:26 Notice: Notice (8): Undefined variable: scripts_for_layout in [/Users/rodrigozulu/desenvolvimento/www/boomviagens/site/views/design/custom/elements/header-base.ctp, line 35]
2013-07-11 15:53:32 Notice: Notice (8): Undefined variable: scripts_for_layout in [/Users/rodrigozulu/desenvolvimento/www/boomviagens/site/views/design/custom/elements/header-base.ctp, line 35]
2013-07-11 15:53:44 Notice: Notice (8): Undefined variable: scripts_for_layout in [/Users/rodrigozulu/desenvolvimento/www/boomviagens/site/views/design/custom/elements/header-base.ctp, line 35]
2013-07-11 15:53:56 Notice: Notice (8): Undefined variable: scripts_for_layout in [/Users/rodrigozulu/desenvolvimento/www/boomviagens/site/views/design/custom/elements/header-base.ctp, line 35]
2013-07-11 16:09:11 Notice: Notice (8): Undefined variable: scripts_forx_layout in [/Users/rodrigozulu/desenvolvimento/www/boomviagens/site.admin/views/layouts/admin.ctp, line 40]
2013-07-11 16:09:12 Notice: Notice (8): Undefined variable: scripts_forx_layout in [/Users/rodrigozulu/desenvolvimento/www/boomviagens/site.admin/views/layouts/admin.ctp, line 40]
2013-07-11 16:12:16 Notice: Notice (8): Undefined variable: scripts_for_layout in [/Users/rodrigozulu/desenvolvimento/www/boomviagens/site/views/design/custom/elements/header-base.ctp, line 35]
2013-07-12 11:52:22 Notice: Notice (8): Undefined property: BoomViagensHelper::$Javascript in [/Users/rodrigozulu/desenvolvimento/www/boomviagens/site/views/helpers/boom_viagens.php, line 90]
2013-07-12 12:04:31 Notice: Notice (8): Undefined variable: scripts_for_layout in [/Users/rodrigozulu/desenvolvimento/www/boomviagens/site.admin/views/roteiros/render_preco.ctp, line 9]
2013-07-12 12:05:18 Notice: Notice (8): Undefined variable: scripts_for_layout in [/Users/rodrigozulu/desenvolvimento/www/boomviagens/site.admin/views/roteiros/render_preco.ctp, line 9]
2013-07-12 12:06:39 Notice: Notice (8): Undefined variable: scripts_for_layout in [/Users/rodrigozulu/desenvolvimento/www/boomviagens/site.admin/views/roteiros/render_preco.ctp, line 9]
2013-07-12 12:06:52 Notice: Notice (8): Undefined variable: scripts_for_layout in [/Users/rodrigozulu/desenvolvimento/www/boomviagens/site.admin/views/roteiros/render_preco.ctp, line 9]
2013-07-12 12:09:44 Notice: Notice (8): Undefined variable: scripts_for_layout in [/Users/rodrigozulu/desenvolvimento/www/boomviagens/site.admin/views/roteiros/render_preco.ctp, line 9]
2013-07-12 12:10:09 Notice: Notice (8): Undefined variable: scripts_for_layout in [/Users/rodrigozulu/desenvolvimento/www/boomviagens/site.admin/views/roteiros/render_preco.ctp, line 9]
2013-07-12 12:10:25 Notice: Notice (8): Undefined variable: scripts_for_layout in [/Users/rodrigozulu/desenvolvimento/www/boomviagens/site.admin/views/roteiros/render_preco.ctp, line 9]
2013-07-12 12:10:47 Notice: Notice (8): Undefined variable: scripts_for_layout_footer in [/Users/rodrigozulu/desenvolvimento/www/boomviagens/site.admin/views/roteiros/render_preco.ctp, line 9]
2013-07-12 12:11:03 Notice: Notice (8): Undefined variable: scripts_for_layout_footer in [/Users/rodrigozulu/desenvolvimento/www/boomviagens/site.admin/views/roteiros/render_preco.ctp, line 10]
2013-07-12 12:11:37 Notice: Notice (8): Undefined variable: scripts_for_layout_footer in [/Users/rodrigozulu/desenvolvimento/www/boomviagens/site.admin/views/roteiros/render_preco.ctp, line 10]
2013-07-12 12:12:09 Notice: Notice (8): Undefined variable: scripts_for_layout_footer in [/Users/rodrigozulu/desenvolvimento/www/boomviagens/site.admin/views/roteiros/render_preco.ctp, line 10]
2013-07-12 12:14:02 Notice: Notice (8): Undefined variable: scripts_for_layout_footer in [/Users/rodrigozulu/desenvolvimento/www/boomviagens/site.admin/views/roteiros/render_preco.ctp, line 10]
2013-07-12 12:14:02 Notice: Notice (8): Undefined property: BoomViagensHelper::$view in [/Users/rodrigozulu/desenvolvimento/www/boomviagens/site/views/helpers/boom_viagens.php, line 88]
2013-07-12 12:14:22 Notice: Notice (8): Undefined variable: scripts_for_layout_footer in [/Users/rodrigozulu/desenvolvimento/www/boomviagens/site.admin/views/roteiros/render_preco.ctp, line 10]
2013-07-12 12:16:34 Notice: Notice (8): Undefined variable: scripts_for_layout_footer in [/Users/rodrigozulu/desenvolvimento/www/boomviagens/site.admin/views/roteiros/render_preco.ctp, line 10]
2013-07-12 12:16:44 Notice: Notice (8): Undefined variable: scripts_for_layout_footer in [/Users/rodrigozulu/desenvolvimento/www/boomviagens/site.admin/views/roteiros/render_preco.ctp, line 10]
2013-07-12 13:19:32 Notice: Notice (8): Undefined index: $scripts_for_layout_footer in [/Users/rodrigozulu/desenvolvimento/www/boomviagens/site.admin/views/roteiros/render_preco.ctp, line 13]
2013-07-12 13:40:18 Notice: Notice (8): Undefined variable: scripts_for_layout_footer in [/Users/rodrigozulu/desenvolvimento/www/boomviagens/site.admin/views/roteiros/render_preco.ctp, line 5]
2013-07-12 13:40:46 Notice: Notice (8): Undefined variable: scripts_for_layout in [/Users/rodrigozulu/desenvolvimento/www/boomviagens/site.admin/views/roteiros/render_preco.ctp, line 5]
2013-07-12 13:45:49 Notice: Notice (8): Constant SITE_DIR already defined in [/Users/rodrigozulu/desenvolvimento/www/boomviagens/site.admin/config/bootstrap.php, line 53]
2013-07-12 13:45:51 Notice: Notice (8): Constant SITE_DIR already defined in [/Users/rodrigozulu/desenvolvimento/www/boomviagens/site.admin/config/bootstrap.php, line 53]
2013-07-12 13:45:52 Notice: Notice (8): Constant SITE_DIR already defined in [/Users/rodrigozulu/desenvolvimento/www/boomviagens/site.admin/config/bootstrap.php, line 53]
2013-07-12 13:45:55 Notice: Notice (8): Undefined variable: scripts_for_layout in [/Users/rodrigozulu/desenvolvimento/www/boomviagens/site.admin/views/roteiros/render_preco.ctp, line 5]
2013-07-12 13:47:12 Notice: Notice (8): Undefined variable: scripts_for_layout in [/Users/rodrigozulu/desenvolvimento/www/boomviagens/site.admin/views/roteiros/render_preco.ctp, line 5]
2013-07-12 14:05:38 Notice: Notice (8): Undefined variable: scripts_for_layout in [/Users/rodrigozulu/desenvolvimento/www/boomviagens/site.admin/views/roteiros/render_preco.ctp, line 5]
2013-07-15 11:27:04 Notice: Notice (8): Undefined index: scripts_for_layout_footer in [/Users/rodrigozulu/desenvolvimento/www/boomviagens/site/views/helpers/boom_viagens.php, line 94]
2013-07-19 03:58:22 Notice: Notice (8): Undefined index: friendly_url in [/Users/rodrigozulu/desenvolvimento/www/boomviagens/site.admin/app_model.php, line 435]
2013-07-19 03:58:23 Notice: Notice (8): Undefined index: parent_id in [/Users/rodrigozulu/desenvolvimento/www/boomviagens/site.admin/app_model.php, line 435]
2013-07-19 03:59:38 Notice: Notice (8): Undefined index: friendly_url in [/Users/rodrigozulu/desenvolvimento/www/boomviagens/site.admin/app_model.php, line 435]
2013-07-19 03:59:38 Notice: Notice (8): Undefined index: parent_id in [/Users/rodrigozulu/desenvolvimento/www/boomviagens/site.admin/app_model.php, line 435]
2013-07-19 15:23:27 Notice: Notice (8): Trying to get property of non-object in [/Users/rodrigozulu/desenvolvimento/www/boomviagens/site.admin/controllers/acl_controller.php, line 343]
2013-07-19 15:31:02 Notice: Notice (8): Undefined variable: acos in [/Users/rodrigozulu/desenvolvimento/www/boomviagens/site.admin/controllers/acl_controller.php, line 144]
2013-07-21 17:24:20 Notice: Notice (8): Undefined offset: 2 in [/Users/rodrigozulu/desenvolvimento/www/boomviagens/site/models/destino.php, line 114]
2013-07-21 17:24:20 Notice: Notice (8): Undefined offset: 3 in [/Users/rodrigozulu/desenvolvimento/www/boomviagens/site/models/destino.php, line 114]
2013-07-21 17:27:26 Notice: Notice (8): Undefined offset: 2 in [/Users/rodrigozulu/desenvolvimento/www/boomviagens/site/models/destino.php, line 114]
2013-07-21 17:27:26 Notice: Notice (8): Undefined offset: 3 in [/Users/rodrigozulu/desenvolvimento/www/boomviagens/site/models/destino.php, line 114]
2013-07-21 17:28:07 Notice: Notice (8): Undefined offset: 2 in [/Users/rodrigozulu/desenvolvimento/www/boomviagens/site/models/destino.php, line 115]
2013-07-21 17:28:07 Notice: Notice (8): Undefined offset: 3 in [/Users/rodrigozulu/desenvolvimento/www/boomviagens/site/models/destino.php, line 115]
2013-07-21 17:28:33 Notice: Notice (8): Undefined offset: 2 in [/Users/rodrigozulu/desenvolvimento/www/boomviagens/site/models/destino.php, line 114]
2013-07-21 17:28:33 Notice: Notice (8): Undefined offset: 3 in [/Users/rodrigozulu/desenvolvimento/www/boomviagens/site/models/destino.php, line 114]
2013-07-21 23:50:29 Notice: Notice (8): Undefined offset: 2 in [/Users/rodrigozulu/desenvolvimento/www/boomviagens/site/models/destino.php, line 117]
2013-07-21 23:50:30 Notice: Notice (8): Undefined offset: 3 in [/Users/rodrigozulu/desenvolvimento/www/boomviagens/site/models/destino.php, line 117]
2013-07-24 14:30:14 Notice: Notice (8): Undefined index: before in [/Users/rodrigozulu/desenvolvimento/cakephp_framework.1.3.17/cake/libs/view/helpers/form.php, line 862]
2013-07-24 14:30:14 Notice: Notice (8): Undefined index: between in [/Users/rodrigozulu/desenvolvimento/cakephp_framework.1.3.17/cake/libs/view/helpers/form.php, line 862]
2013-07-24 14:30:14 Notice: Notice (8): Undefined index: after in [/Users/rodrigozulu/desenvolvimento/cakephp_framework.1.3.17/cake/libs/view/helpers/form.php, line 862]
2013-07-24 14:30:14 Notice: Notice (8): Undefined index: format in [/Users/rodrigozulu/desenvolvimento/cakephp_framework.1.3.17/cake/libs/view/helpers/form.php, line 865]
2013-08-08 01:23:52 Notice: Notice (8): Undefined index: REQUEST_URL in [/Users/rodrigozulu/desenvolvimento/www/boomviagens/site/models/roteiro.php, line 186]
2013-08-08 14:52:31 Notice: Notice (8): Undefined property: DestinoFoto::$__fixPosition in [/Users/rodrigozulu/desenvolvimento/www/boomviagens/site/models/behaviors/sortable.php, line 82]
2013-08-15 20:55:52 Notice: Notice (8): Undefined index: imagem_bck in [/Users/rodrigozulu/desenvolvimento/www/boomviagens/site.admin/views/elements/admin/form/default_form_input.ctp, line 40]
2013-09-25 01:39:58 Notice: Notice (8): Undefined variable: relacionamento in [/home/boomviag/public_html/site2013/site.admin/views/elements/form/noticia.ctp, line 123]
2013-09-25 01:42:16 Notice: Notice (8): Undefined variable: relacionamento in [/home/boomviag/public_html/site2013/site.admin/views/elements/form/noticia.ctp, line 123]
2013-09-25 01:42:23 Notice: Notice (8): Undefined variable: relacionamento in [/home/boomviag/public_html/site2013/site.admin/views/elements/form/noticia.ctp, line 123]
2014-02-06 19:11:46 Notice: Notice (8): Constant NOTICIA_IMAGE_DIR already defined in [/home/webjumpd/public_html/koch/site/models/noticia.php, line 2]
2014-02-06 19:35:46 Notice: Notice (8): Constant NOTICIA_IMAGE_DIR already defined in [/home/webjumpd/public_html/koch/site/models/noticia.php, line 2]
2014-02-06 19:35:46 Notice: Notice (8): Constant NOTICIA_IMAGE_DIR already defined in [/home/webjumpd/public_html/koch/site/models/noticia.php, line 2]
2014-02-06 19:49:36 Notice: Notice (8): Constant NOTICIA_IMAGE_DIR already defined in [/home/webjumpd/public_html/koch/site/models/noticia.php, line 2]
2014-02-06 19:49:37 Notice: Notice (8): Constant NOTICIA_IMAGE_DIR already defined in [/home/webjumpd/public_html/koch/site/models/noticia.php, line 2]
2014-02-06 19:49:37 Notice: Notice (8): Constant NOTICIA_IMAGE_DIR already defined in [/home/webjumpd/public_html/koch/site/models/noticia.php, line 2]
2014-02-06 19:49:48 Notice: Notice (8): Use of undefined constant NOTICIA_IMAGE_DIR - assumed 'NOTICIA_IMAGE_DIR' in [/home/webjumpd/cakephp_framework.1.3.17/cake/libs/class_registry.php, line 142]
2014-02-06 19:49:48 Notice: Notice (8): Use of undefined constant NOTICIA_IMAGE_DIR - assumed 'NOTICIA_IMAGE_DIR' in [/home/webjumpd/cakephp_framework.1.3.17/cake/libs/class_registry.php, line 142]
2014-02-06 19:49:50 Notice: Notice (8): Use of undefined constant NOTICIA_IMAGE_DIR - assumed 'NOTICIA_IMAGE_DIR' in [/home/webjumpd/cakephp_framework.1.3.17/cake/libs/class_registry.php, line 142]
2014-02-06 19:49:55 Notice: Notice (8): Use of undefined constant NOTICIA_IMAGE_DIR - assumed 'NOTICIA_IMAGE_DIR' in [/home/webjumpd/cakephp_framework.1.3.17/cake/libs/class_registry.php, line 142]
2014-02-06 19:49:55 Notice: Notice (8): Use of undefined constant NOTICIA_IMAGE_DIR - assumed 'NOTICIA_IMAGE_DIR' in [/home/webjumpd/cakephp_framework.1.3.17/cake/libs/class_registry.php, line 142]
2014-02-06 19:49:56 Notice: Notice (8): Use of undefined constant NOTICIA_IMAGE_DIR - assumed 'NOTICIA_IMAGE_DIR' in [/home/webjumpd/cakephp_framework.1.3.17/cake/libs/class_registry.php, line 142]
2014-02-06 19:49:56 Notice: Notice (8): Use of undefined constant NOTICIA_IMAGE_DIR - assumed 'NOTICIA_IMAGE_DIR' in [/home/webjumpd/cakephp_framework.1.3.17/cake/libs/class_registry.php, line 142]
2014-02-06 21:27:38 Notice: Notice (8): Undefined index: form in [/home/webjumpd/public_html/koch/site/models/modalidade.php, line 151]
2014-02-06 21:27:39 Notice: Notice (8): Undefined index: form in [/home/webjumpd/public_html/koch/site/models/modalidade.php, line 151]
2014-02-06 21:27:39 Notice: Notice (8): Undefined index: form in [/home/webjumpd/public_html/koch/site/models/modalidade.php, line 151]
2014-02-06 22:30:27 Notice: Notice (8): Undefined property: Modalidade::$status in [/home/webjumpd/public_html/koch/site/models/modalidade.php, line 144]
2014-02-06 22:30:27 Notice: Notice (8): Undefined property: Modalidade::$status in [/home/webjumpd/public_html/koch/site/models/modalidade.php, line 144]
2014-02-06 22:45:43 Notice: Notice (8): Constant NOTICIA_IMAGE_DIR already defined in [/home/webjumpd/public_html/koch/site/models/noticia.php, line 2]
2014-02-06 22:45:44 Notice: Notice (8): Constant NOTICIA_IMAGE_DIR already defined in [/home/webjumpd/public_html/koch/site/models/noticia.php, line 2]
2014-02-06 22:45:44 Notice: Notice (8): Constant NOTICIA_IMAGE_DIR already defined in [/home/webjumpd/public_html/koch/site/models/noticia.php, line 2]
2014-02-06 22:45:45 Notice: Notice (8): Constant NOTICIA_IMAGE_DIR already defined in [/home/webjumpd/public_html/koch/site/models/noticia.php, line 2]
2014-02-06 22:45:45 Notice: Notice (8): Constant NOTICIA_IMAGE_DIR already defined in [/home/webjumpd/public_html/koch/site/models/noticia.php, line 2]
2014-02-06 22:45:45 Notice: Notice (8): Constant NOTICIA_IMAGE_DIR already defined in [/home/webjumpd/public_html/koch/site/models/noticia.php, line 2]
2014-02-06 23:28:34 Notice: Notice (8): Constant NOTICIA_IMAGE_DIR already defined in [/home/webjumpd/public_html/koch/site/models/noticia.php, line 2]
2014-02-06 23:28:35 Notice: Notice (8): Constant NOTICIA_IMAGE_DIR already defined in [/home/webjumpd/public_html/koch/site/models/noticia.php, line 2]
2014-02-06 23:28:35 Notice: Notice (8): Constant NOTICIA_IMAGE_DIR already defined in [/home/webjumpd/public_html/koch/site/models/noticia.php, line 2]
2014-02-06 23:38:40 Notice: Notice (8): Use of undefined constant NOTICIA_IMAGE_DIR - assumed 'NOTICIA_IMAGE_DIR' in [/home/webjumpd/cakephp_framework.1.3.17/cake/libs/class_registry.php, line 142]
2014-02-06 23:52:02 Notice: Notice (8): Undefined property: Modalidade::$Usuario in [/home/webjumpd/public_html/koch/site/models/modalidade.php, line 154]
2014-02-06 23:52:03 Notice: Notice (8): Undefined property: Modalidade::$Usuario in [/home/webjumpd/public_html/koch/site/models/modalidade.php, line 154]
2014-02-06 23:52:03 Notice: Notice (8): Undefined property: Modalidade::$Usuario in [/home/webjumpd/public_html/koch/site/models/modalidade.php, line 154]
2014-02-06 23:52:03 Notice: Notice (8): Undefined property: Modalidade::$Usuario in [/home/webjumpd/public_html/koch/site/models/modalidade.php, line 154]
2014-02-06 23:52:21 Notice: Notice (8): Undefined property: Modalidade::$Usuario in [/home/webjumpd/public_html/koch/site/models/modalidade.php, line 154]
2014-02-06 23:52:21 Notice: Notice (8): Undefined property: Modalidade::$Usuario in [/home/webjumpd/public_html/koch/site/models/modalidade.php, line 154]
2014-02-06 23:52:21 Notice: Notice (8): Undefined property: Modalidade::$Usuario in [/home/webjumpd/public_html/koch/site/models/modalidade.php, line 154]
2014-02-06 23:52:26 Notice: Notice (8): Undefined property: Modalidade::$Usuario in [/home/webjumpd/public_html/koch/site/models/modalidade.php, line 154]
2014-02-06 23:52:27 Notice: Notice (8): Undefined property: Modalidade::$Usuario in [/home/webjumpd/public_html/koch/site/models/modalidade.php, line 154]
2014-02-06 23:52:27 Notice: Notice (8): Undefined property: Modalidade::$Usuario in [/home/webjumpd/public_html/koch/site/models/modalidade.php, line 154]
2014-02-06 23:52:27 Notice: Notice (8): Undefined property: Modalidade::$Usuario in [/home/webjumpd/public_html/koch/site/models/modalidade.php, line 154]
2014-02-06 23:52:36 Notice: Notice (8): Undefined property: Modalidade::$Usuario in [/home/webjumpd/public_html/koch/site/models/modalidade.php, line 165]
2014-02-06 23:52:37 Notice: Notice (8): Undefined property: Modalidade::$Usuario in [/home/webjumpd/public_html/koch/site/models/modalidade.php, line 165]
2014-02-07 00:04:46 Notice: Notice (8): Use of undefined constant NOTICIA_IMAGE_DIR - assumed 'NOTICIA_IMAGE_DIR' in [/home/webjumpd/cakephp_framework.1.3.17/cake/libs/class_registry.php, line 142]
2014-02-07 00:04:56 Notice: Notice (8): Use of undefined constant NOTICIA_IMAGE_DIR - assumed 'NOTICIA_IMAGE_DIR' in [/home/webjumpd/cakephp_framework.1.3.17/cake/libs/class_registry.php, line 142]
2014-02-07 00:04:56 Notice: Notice (8): Use of undefined constant NOTICIA_IMAGE_DIR - assumed 'NOTICIA_IMAGE_DIR' in [/home/webjumpd/cakephp_framework.1.3.17/cake/libs/class_registry.php, line 142]
2014-02-07 00:04:57 Notice: Notice (8): Use of undefined constant NOTICIA_IMAGE_DIR - assumed 'NOTICIA_IMAGE_DIR' in [/home/webjumpd/cakephp_framework.1.3.17/cake/libs/class_registry.php, line 142]
2014-02-07 00:04:57 Notice: Notice (8): Use of undefined constant NOTICIA_IMAGE_DIR - assumed 'NOTICIA_IMAGE_DIR' in [/home/webjumpd/cakephp_framework.1.3.17/cake/libs/class_registry.php, line 142]
2014-02-07 00:04:57 Notice: Notice (8): Use of undefined constant NOTICIA_IMAGE_DIR - assumed 'NOTICIA_IMAGE_DIR' in [/home/webjumpd/cakephp_framework.1.3.17/cake/libs/class_registry.php, line 142]
2014-02-07 00:04:57 Notice: Notice (8): Use of undefined constant NOTICIA_IMAGE_DIR - assumed 'NOTICIA_IMAGE_DIR' in [/home/webjumpd/cakephp_framework.1.3.17/cake/libs/class_registry.php, line 142]
2014-02-07 00:05:05 Notice: Notice (8): Use of undefined constant NOTICIA_IMAGE_DIR - assumed 'NOTICIA_IMAGE_DIR' in [/home/webjumpd/cakephp_framework.1.3.17/cake/libs/class_registry.php, line 142]
2014-02-07 00:17:40 Notice: Notice (8): Use of undefined constant MODALIDADE_IMAGE_DIR - assumed 'MODALIDADE_IMAGE_DIR' in [/home/webjumpd/cakephp_framework.1.3.17/cake/libs/class_registry.php, line 142]
2014-02-07 00:17:40 Notice: Notice (8): Use of undefined constant MODALIDADE_IMAGE_DIR - assumed 'MODALIDADE_IMAGE_DIR' in [/home/webjumpd/cakephp_framework.1.3.17/cake/libs/class_registry.php, line 142]
2014-02-07 00:17:40 Notice: Notice (8): Use of undefined constant MODALIDADE_IMAGE_DIR - assumed 'MODALIDADE_IMAGE_DIR' in [/home/webjumpd/cakephp_framework.1.3.17/cake/libs/class_registry.php, line 142]
2014-02-07 00:17:40 Notice: Notice (8): Use of undefined constant MODALIDADE_IMAGE_DIR - assumed 'MODALIDADE_IMAGE_DIR' in [/home/webjumpd/cakephp_framework.1.3.17/cake/libs/class_registry.php, line 142]
2014-02-07 00:17:40 Notice: Notice (8): Use of undefined constant MODALIDADE_IMAGE_DIR - assumed 'MODALIDADE_IMAGE_DIR' in [/home/webjumpd/cakephp_framework.1.3.17/cake/libs/class_registry.php, line 142]
2014-02-10 01:53:49 Notice: Notice (8): Undefined index: image_chamada_bck in [/home/webjumpd/public_html/koch/site.admin/views/elements/admin/form/default_form_input.ctp, line 40]
2014-02-10 17:33:57 Notice: Notice (8): Undefined property: Video::$options in [/home/webjumpd/public_html/koch/site/models/video.php, line 104]
2014-02-10 17:33:57 Notice: Notice (8): Undefined property: Video::$options in [/home/webjumpd/public_html/koch/site/models/video.php, line 104]
2014-02-10 17:33:58 Notice: Notice (8): Undefined property: Video::$options in [/home/webjumpd/public_html/koch/site/models/video.php, line 104]
2014-02-10 17:33:58 Notice: Notice (8): Undefined property: Video::$options in [/home/webjumpd/public_html/koch/site/models/video.php, line 104]
2014-02-10 17:33:59 Notice: Notice (8): Undefined property: Video::$options in [/home/webjumpd/public_html/koch/site/models/video.php, line 104]
2014-02-10 17:33:59 Notice: Notice (8): Undefined property: Video::$options in [/home/webjumpd/public_html/koch/site/models/video.php, line 104]
2014-02-10 17:53:16 Notice: Notice (8): Undefined property: Video::$Modalidade in [/home/webjumpd/public_html/koch/site/models/video.php, line 66]
2014-02-10 17:53:19 Notice: Notice (8): Undefined property: Video::$Modalidade in [/home/webjumpd/public_html/koch/site/models/video.php, line 66]
2014-02-10 17:53:19 Notice: Notice (8): Undefined property: Video::$Modalidade in [/home/webjumpd/public_html/koch/site/models/video.php, line 66]
2014-02-10 17:53:39 Notice: Notice (8): Undefined property: Video::$Modalidade in [/home/webjumpd/public_html/koch/site/models/video.php, line 66]
2014-02-10 17:53:40 Notice: Notice (8): Undefined property: Video::$Modalidade in [/home/webjumpd/public_html/koch/site/models/video.php, line 66]
2014-02-10 17:53:40 Notice: Notice (8): Undefined property: Video::$Modalidade in [/home/webjumpd/public_html/koch/site/models/video.php, line 66]
2014-02-10 17:59:47 Notice: Notice (8): Undefined property: Video::$Modalidade in [/home/webjumpd/public_html/koch/site/models/video.php, line 66]
2014-02-10 17:59:48 Notice: Notice (8): Undefined property: Video::$Modalidade in [/home/webjumpd/public_html/koch/site/models/video.php, line 66]
2014-02-10 17:59:49 Notice: Notice (8): Undefined property: Video::$Modalidade in [/home/webjumpd/public_html/koch/site/models/video.php, line 66]
2014-02-10 17:59:49 Notice: Notice (8): Undefined property: Video::$Modalidade in [/home/webjumpd/public_html/koch/site/models/video.php, line 66]
2014-02-10 17:59:49 Notice: Notice (8): Undefined property: Video::$Modalidade in [/home/webjumpd/public_html/koch/site/models/video.php, line 66]
2014-02-10 18:03:15 Notice: Notice (8): Undefined property: Video::$Modalidade in [/home/webjumpd/public_html/koch/site/models/video.php, line 66]
2014-02-10 18:03:15 Notice: Notice (8): Undefined property: Video::$Modalidade in [/home/webjumpd/public_html/koch/site/models/video.php, line 66]
2014-02-10 18:04:04 Notice: Notice (8): Undefined property: Video::$Modalidade in [/home/webjumpd/public_html/koch/site/models/video.php, line 66]
2014-02-10 18:04:04 Notice: Notice (8): Undefined property: Video::$Modalidade in [/home/webjumpd/public_html/koch/site/models/video.php, line 66]
2014-02-10 18:04:10 Notice: Notice (8): Undefined property: Video::$Modalidade in [/home/webjumpd/public_html/koch/site/models/video.php, line 66]
2014-02-10 18:55:46 Notice: Notice (8): Undefined property: Video::$Modalidade in [/home/webjumpd/public_html/koch/site/models/video.php, line 66]
2014-02-10 18:56:15 Notice: Notice (8): Undefined property: Video::$Modalidade in [/home/webjumpd/public_html/koch/site/models/video.php, line 66]
2014-02-10 18:56:16 Notice: Notice (8): Undefined property: Video::$Modalidade in [/home/webjumpd/public_html/koch/site/models/video.php, line 66]
2014-02-10 18:56:16 Notice: Notice (8): Undefined property: Video::$Modalidade in [/home/webjumpd/public_html/koch/site/models/video.php, line 66]
2014-02-10 18:56:25 Notice: Notice (8): Undefined property: Video::$Modalidade in [/home/webjumpd/public_html/koch/site/models/video.php, line 66]
2014-02-10 18:56:26 Notice: Notice (8): Undefined property: Video::$Modalidade in [/home/webjumpd/public_html/koch/site/models/video.php, line 66]
2014-02-10 18:56:40 Notice: Notice (8): Undefined property: Video::$Modalidade in [/home/webjumpd/public_html/koch/site/models/video.php, line 66]
2014-02-10 18:56:40 Notice: Notice (8): Undefined property: Video::$Modalidade in [/home/webjumpd/public_html/koch/site/models/video.php, line 66]
2014-02-10 18:56:45 Notice: Notice (8): Undefined property: Video::$Modalidades in [/home/webjumpd/public_html/koch/site/models/video.php, line 66]
2014-02-10 19:39:49 Notice: Notice (8): Undefined property: Video::$Modalidade in [/home/webjumpd/public_html/koch/site/models/video.php, line 63]
2014-02-10 19:50:20 Notice: Notice (8): Undefined property: Video::$Galeria in [/home/webjumpd/public_html/koch/site/models/video.php, line 63]
2014-02-10 19:50:30 Notice: Notice (8): Undefined property: Video::$Galeria in [/home/webjumpd/public_html/koch/site/models/video.php, line 63]
2014-02-10 19:51:08 Notice: Notice (8): Undefined property: Video::$Galeria in [/home/webjumpd/public_html/koch/site/models/video.php, line 80]
2014-02-10 19:51:09 Notice: Notice (8): Undefined property: Video::$Galeria in [/home/webjumpd/public_html/koch/site/models/video.php, line 80]
2014-02-10 19:51:16 Notice: Notice (8): Undefined property: Video::$Galeria in [/home/webjumpd/public_html/koch/site/models/video.php, line 80]
2014-02-10 19:51:16 Notice: Notice (8): Undefined property: Video::$Galeria in [/home/webjumpd/public_html/koch/site/models/video.php, line 80]
2014-02-10 19:51:17 Notice: Notice (8): Undefined property: Video::$Galeria in [/home/webjumpd/public_html/koch/site/models/video.php, line 80]
2014-02-10 19:54:05 Notice: Notice (8): Undefined property: Video::$Galeria in [/home/webjumpd/public_html/koch/site/models/video.php, line 80]
2014-02-10 19:56:45 Notice: Notice (8): Undefined property: Video::$Galeria in [/home/webjumpd/public_html/koch/site/models/video.php, line 80]
2014-02-10 19:56:46 Notice: Notice (8): Undefined property: Video::$Galeria in [/home/webjumpd/public_html/koch/site/models/video.php, line 80]
2014-02-10 19:56:46 Notice: Notice (8): Undefined property: Video::$Galeria in [/home/webjumpd/public_html/koch/site/models/video.php, line 80]
2014-02-10 20:09:34 Notice: Notice (8): Undefined property: Video::$options in [/home/webjumpd/public_html/koch/site/models/video.php, line 140]
2014-02-10 20:09:34 Notice: Notice (8): Undefined property: Video::$options in [/home/webjumpd/public_html/koch/site/models/video.php, line 140]
2014-02-10 20:09:35 Notice: Notice (8): Undefined property: Video::$options in [/home/webjumpd/public_html/koch/site/models/video.php, line 140]
2014-02-10 20:25:18 Notice: Notice (8): Undefined property: Video::$Modalidade in [/home/webjumpd/public_html/koch/site/models/video.php, line 85]
2014-02-10 20:25:18 Notice: Notice (8): Undefined property: Video::$Modalidade in [/home/webjumpd/public_html/koch/site/models/video.php, line 85]
2014-02-10 20:25:32 Notice: Notice (8): Undefined property: Video::$Modalidade in [/home/webjumpd/public_html/koch/site/models/video.php, line 85]
2014-02-10 20:27:46 Notice: Notice (8): Undefined property: Video::$Modalidade in [/home/webjumpd/public_html/koch/site/models/video.php, line 82]
2014-02-10 20:28:08 Notice: Notice (8): Undefined property: Video::$Modalidade in [/home/webjumpd/public_html/koch/site/models/video.php, line 82]
2014-02-10 20:28:17 Notice: Notice (8): Undefined property: Video::$Modalidades in [/home/webjumpd/public_html/koch/site/models/video.php, line 82]
2014-02-10 20:28:49 Notice: Notice (8): Undefined property: Video::$Modalidade in [/home/webjumpd/public_html/koch/site/models/video.php, line 82]
2014-02-10 20:28:49 Notice: Notice (8): Undefined property: Video::$Modalidade in [/home/webjumpd/public_html/koch/site/models/video.php, line 82]
2014-02-10 21:30:51 Notice: Notice (8): Undefined variable: modalidades in [/home/webjumpd/public_html/koch/site/models/video.php, line 84]
2014-02-10 21:30:53 Notice: Notice (8): Undefined variable: modalidades in [/home/webjumpd/public_html/koch/site/models/video.php, line 84]
2014-02-10 23:34:46 Notice: Notice (8): Undefined index: parent_id in [/home/webjumpd/cakephp_framework.1.3.17/cake/libs/model/model.php, line 2352]
2014-02-10 23:34:46 Notice: Notice (8): Undefined index: parent_id in [/home/webjumpd/cakephp_framework.1.3.17/cake/libs/model/model.php, line 2352]
2014-02-10 23:34:46 Notice: Notice (8): Undefined index: parent_id in [/home/webjumpd/cakephp_framework.1.3.17/cake/libs/model/model.php, line 2352]
2014-02-10 23:34:46 Notice: Notice (8): Undefined index: parent_id in [/home/webjumpd/cakephp_framework.1.3.17/cake/libs/model/model.php, line 2352]
2014-02-10 23:35:59 Notice: Notice (8): Undefined index: parent_id in [/home/webjumpd/cakephp_framework.1.3.17/cake/libs/model/model.php, line 2352]
2014-02-10 23:36:00 Notice: Notice (8): Undefined index: parent_id in [/home/webjumpd/cakephp_framework.1.3.17/cake/libs/model/model.php, line 2352]
2014-02-10 23:36:00 Notice: Notice (8): Undefined index: parent_id in [/home/webjumpd/cakephp_framework.1.3.17/cake/libs/model/model.php, line 2352]
2014-02-10 23:36:00 Notice: Notice (8): Undefined index: parent_id in [/home/webjumpd/cakephp_framework.1.3.17/cake/libs/model/model.php, line 2352]
2014-02-10 23:36:01 Notice: Notice (8): Undefined index: parent_id in [/home/webjumpd/cakephp_framework.1.3.17/cake/libs/model/model.php, line 2352]
2014-02-10 23:36:02 Notice: Notice (8): Undefined index: parent_id in [/home/webjumpd/cakephp_framework.1.3.17/cake/libs/model/model.php, line 2352]
2014-02-10 23:39:32 Notice: Notice (8): Undefined index: parent_id in [/home/webjumpd/cakephp_framework.1.3.17/cake/libs/model/model.php, line 2352]
2014-02-10 23:39:32 Notice: Notice (8): Undefined index: parent_id in [/home/webjumpd/cakephp_framework.1.3.17/cake/libs/model/model.php, line 2352]
2014-02-10 23:39:33 Notice: Notice (8): Undefined index: parent_id in [/home/webjumpd/cakephp_framework.1.3.17/cake/libs/model/model.php, line 2352]
2014-02-10 23:40:36 Notice: Notice (8): Undefined index: parent_id in [/home/webjumpd/cakephp_framework.1.3.17/cake/libs/model/model.php, line 2352]
2014-02-10 23:40:36 Notice: Notice (8): Undefined index: parent_id in [/home/webjumpd/cakephp_framework.1.3.17/cake/libs/model/model.php, line 2352]
2014-02-10 23:40:37 Notice: Notice (8): Undefined index: parent_id in [/home/webjumpd/cakephp_framework.1.3.17/cake/libs/model/model.php, line 2352]
2014-02-10 23:40:37 Notice: Notice (8): Undefined index: parent_id in [/home/webjumpd/cakephp_framework.1.3.17/cake/libs/model/model.php, line 2352]
2014-02-10 23:40:38 Notice: Notice (8): Undefined index: parent_id in [/home/webjumpd/cakephp_framework.1.3.17/cake/libs/model/model.php, line 2352]
2014-02-11 02:31:06 Notice: Notice (8): Undefined property: Video::$Modalidade in [/home/webjumpd/public_html/koch/site/models/video.php, line 97]
2014-02-11 11:13:08 Notice: Notice (8): Undefined variable: tipos in [/home/webjumpd/public_html/koch/site/models/texto.php, line 102]
2014-02-11 11:13:09 Notice: Notice (8): Undefined variable: tipos in [/home/webjumpd/public_html/koch/site/models/texto.php, line 102]
2014-02-12 11:28:19 Notice: Notice (8): Undefined property: Galeria::$Modalidade in [/home/webjumpd/public_html/koch/site/models/galeria.php, line 101]
2014-02-12 11:28:19 Notice: Notice (8): Undefined property: Galeria::$Modalidade in [/home/webjumpd/public_html/koch/site/models/galeria.php, line 101]
2014-02-12 11:28:48 Notice: Notice (8): Undefined property: Galeria::$Modalidade in [/home/webjumpd/public_html/koch/site/models/galeria.php, line 103]
2014-02-12 11:28:52 Notice: Notice (8): Undefined property: Galeria::$Modalidade in [/home/webjumpd/public_html/koch/site/models/galeria.php, line 103]
2014-02-12 11:28:52 Notice: Notice (8): Undefined property: Galeria::$Modalidade in [/home/webjumpd/public_html/koch/site/models/galeria.php, line 103]
2014-02-12 11:28:53 Notice: Notice (8): Undefined property: Galeria::$Modalidade in [/home/webjumpd/public_html/koch/site/models/galeria.php, line 103]
2014-02-12 11:28:53 Notice: Notice (8): Undefined property: Galeria::$Modalidade in [/home/webjumpd/public_html/koch/site/models/galeria.php, line 103]
2014-02-12 12:14:28 Notice: Notice (8): Undefined property: Galeria::$Modalidade in [/home/webjumpd/public_html/koch/site/models/galeria.php, line 109]
2014-02-12 12:14:53 Notice: Notice (8): Undefined property: Galeria::$Modalidade in [/home/webjumpd/public_html/koch/site/models/galeria.php, line 111]
2014-02-12 12:22:39 Notice: Notice (8): Undefined property: Galeria::$Modalidade in [/home/webjumpd/public_html/koch/site/models/galeria.php, line 111]
2014-02-12 12:26:55 Notice: Notice (8): Undefined property: Galeria::$Modalidade in [/home/webjumpd/public_html/koch/site/models/galeria.php, line 111]
2014-02-12 12:59:57 Notice: Notice (8): Undefined property: Galeria::$Modalidade in [/home/webjumpd/public_html/koch/site/models/galeria.php, line 111]
2014-02-13 12:29:17 Notice: Notice (8): Array to string conversion in [/home/webjumpd/cakephp_framework.1.3.17/cake/libs/model/datasources/dbo_source.php, line 747]
2014-02-14 02:31:06 Notice: Notice (8): Array to string conversion in [/home/webjumpd/cakephp_framework.1.3.17/cake/libs/model/datasources/dbo_source.php, line 747]
2014-02-14 02:37:13 Notice: Notice (8): Array to string conversion in [/home/webjumpd/cakephp_framework.1.3.17/cake/libs/model/datasources/dbo_source.php, line 747]
2014-02-14 02:38:03 Notice: Notice (8): Array to string conversion in [/home/webjumpd/cakephp_framework.1.3.17/cake/libs/model/datasources/dbo_source.php, line 747]
2014-02-14 02:38:51 Notice: Notice (8): Use of undefined constant GALERIA_FILE_DIR - assumed 'GALERIA_FILE_DIR' in [/home/webjumpd/cakephp_framework.1.3.17/cake/libs/class_registry.php, line 142]
2014-02-17 18:24:03 Notice: Notice (8): Array to string conversion in [/home/webjumpd/cakephp_framework.1.3.17/cake/libs/model/datasources/dbo_source.php, line 747]
2014-02-17 18:24:46 Notice: Notice (8): Array to string conversion in [/home/webjumpd/cakephp_framework.1.3.17/cake/libs/model/datasources/dbo_source.php, line 747]
2014-02-17 18:39:29 Notice: Notice (8): Array to string conversion in [/home/webjumpd/cakephp_framework.1.3.17/cake/libs/model/datasources/dbo_source.php, line 747]
2014-02-17 18:51:15 Notice: Notice (8): Array to string conversion in [/home/webjumpd/cakephp_framework.1.3.17/cake/libs/model/datasources/dbo_source.php, line 747]
2014-02-17 19:01:54 Notice: Notice (8): Array to string conversion in [/home/webjumpd/cakephp_framework.1.3.17/cake/libs/model/datasources/dbo_source.php, line 747]
2014-02-18 02:51:16 Notice: Notice (8): Use of undefined constant MODALIDADES_IMAGE_DIR - assumed 'MODALIDADES_IMAGE_DIR' in [/home/webjumpd/cakephp_framework.1.3.17/cake/libs/class_registry.php, line 142]
2014-02-18 02:51:16 Notice: Notice (8): Use of undefined constant MODALIDADES_IMAGE_DIR - assumed 'MODALIDADES_IMAGE_DIR' in [/home/webjumpd/cakephp_framework.1.3.17/cake/libs/class_registry.php, line 142]
2014-02-18 02:51:18 Notice: Notice (8): Use of undefined constant MODALIDADES_IMAGE_DIR - assumed 'MODALIDADES_IMAGE_DIR' in [/home/webjumpd/cakephp_framework.1.3.17/cake/libs/class_registry.php, line 142]
2014-02-18 02:51:18 Notice: Notice (8): Use of undefined constant MODALIDADES_IMAGE_DIR - assumed 'MODALIDADES_IMAGE_DIR' in [/home/webjumpd/cakephp_framework.1.3.17/cake/libs/class_registry.php, line 142]
2014-02-18 02:51:18 Notice: Notice (8): Use of undefined constant MODALIDADES_IMAGE_DIR - assumed 'MODALIDADES_IMAGE_DIR' in [/home/webjumpd/cakephp_framework.1.3.17/cake/libs/class_registry.php, line 142]
2014-02-18 12:21:30 Notice: Notice (8): Undefined property: Texto::$Cas in [/home/webjumpd/public_html/koch/site/models/texto.php, line 104]
2014-02-18 12:29:22 Notice: Notice (8): Undefined property: Texto::$Usuario in [/home/webjumpd/public_html/koch/site/models/texto.php, line 113]
2014-02-18 14:27:55 Notice: Notice (8): Undefined property: Galeria::$Cas in [/home/webjumpd/public_html/koch/site/models/galeria.php, line 120]
2014-02-18 14:27:56 Notice: Notice (8): Undefined property: Galeria::$Cas in [/home/webjumpd/public_html/koch/site/models/galeria.php, line 120]
2014-02-18 14:27:57 Notice: Notice (8): Undefined property: Galeria::$Cas in [/home/webjumpd/public_html/koch/site/models/galeria.php, line 120]
2014-02-18 14:27:57 Notice: Notice (8): Undefined property: Galeria::$Cas in [/home/webjumpd/public_html/koch/site/models/galeria.php, line 120]
2014-02-18 14:27:58 Notice: Notice (8): Undefined property: Galeria::$Cas in [/home/webjumpd/public_html/koch/site/models/galeria.php, line 120]
2014-02-18 20:19:19 Notice: Notice (8): Undefined variable: relacionamento in [/home/webjumpd/public_html/koch/site.admin/views/elements/form/noticia.ctp, line 123]
2014-02-19 14:43:47 Notice: Notice (8): Undefined index: blog in [/home/webjumpd/public_html/koch/site/models/noticia.php, line 196]
2014-02-19 14:43:47 Notice: Notice (8): Undefined index: blog in [/home/webjumpd/public_html/koch/site/models/noticia.php, line 200]
2014-02-19 14:43:49 Notice: Notice (8): Undefined index: blog in [/home/webjumpd/public_html/koch/site/models/noticia.php, line 196]
2014-02-19 14:43:49 Notice: Notice (8): Undefined index: blog in [/home/webjumpd/public_html/koch/site/models/noticia.php, line 200]
2014-02-19 14:44:08 Notice: Notice (8): Undefined index: blog in [/home/webjumpd/public_html/koch/site/models/noticia.php, line 196]
2014-02-19 14:44:08 Notice: Notice (8): Undefined index: blog in [/home/webjumpd/public_html/koch/site/models/noticia.php, line 200]
2014-02-19 14:44:09 Notice: Notice (8): Undefined index: blog in [/home/webjumpd/public_html/koch/site/models/noticia.php, line 196]
2014-02-19 14:44:09 Notice: Notice (8): Undefined index: blog in [/home/webjumpd/public_html/koch/site/models/noticia.php, line 200]
2014-02-19 14:44:36 Notice: Notice (8): Undefined index: blog in [/home/webjumpd/public_html/koch/site/models/noticia.php, line 195]
2014-02-19 14:44:36 Notice: Notice (8): Undefined index: blog in [/home/webjumpd/public_html/koch/site/models/noticia.php, line 199]
2014-02-19 14:44:36 Notice: Notice (8): Undefined index: blog in [/home/webjumpd/public_html/koch/site/models/noticia.php, line 195]
2014-02-19 14:44:36 Notice: Notice (8): Undefined index: blog in [/home/webjumpd/public_html/koch/site/models/noticia.php, line 199]
2014-02-19 14:44:38 Notice: Notice (8): Undefined index: blog in [/home/webjumpd/public_html/koch/site/models/noticia.php, line 195]
2014-02-19 14:44:38 Notice: Notice (8): Undefined index: blog in [/home/webjumpd/public_html/koch/site/models/noticia.php, line 199]
2014-02-19 14:48:05 Notice: Notice (8): Undefined variable: relacionamento in [/home/webjumpd/public_html/koch/site.admin/views/elements/form/noticia.ctp, line 123]
2014-02-19 15:32:42 Notice: Notice (8): Undefined variable: relacionamento in [/home/webjumpd/public_html/koch/site.admin/views/elements/form/noticia.ctp, line 123]
2014-02-19 15:33:16 Notice: Notice (8): Undefined variable: relacionamento in [/home/webjumpd/public_html/koch/site.admin/views/elements/form/noticia.ctp, line 123]
2014-02-19 15:33:16 Notice: Notice (8): Undefined variable: relacionamento in [/home/webjumpd/public_html/koch/site.admin/views/elements/form/noticia.ctp, line 123]
2014-02-19 15:33:22 Notice: Notice (8): Undefined variable: relacionamento in [/home/webjumpd/public_html/koch/site.admin/views/elements/form/noticia.ctp, line 123]
2014-02-19 15:43:01 Notice: Notice (8): Undefined variable: relacionamento in [/home/webjumpd/public_html/koch/site.admin/views/elements/form/noticia.ctp, line 123]
2014-02-24 18:09:36 Notice: Notice (8): Use of undefined constant MODALIDADES_IMAGE_DIR - assumed 'MODALIDADES_IMAGE_DIR' in [/home/webjumpd/cakephp_framework.1.3.17/cake/libs/class_registry.php, line 142]
2014-02-25 19:12:55 Notice: Notice (8): Undefined property: Banner::$categorias in [/home/webjumpd/public_html/koch/site/models/banner.php, line 137]
2014-02-25 19:12:56 Notice: Notice (8): Undefined property: Banner::$categorias in [/home/webjumpd/public_html/koch/site/models/banner.php, line 137]
2014-02-25 19:12:56 Notice: Notice (8): Undefined property: Banner::$categorias in [/home/webjumpd/public_html/koch/site/models/banner.php, line 137]
2014-02-25 19:12:57 Notice: Notice (8): Undefined property: Banner::$categorias in [/home/webjumpd/public_html/koch/site/models/banner.php, line 137]
2014-02-25 19:13:34 Notice: Notice (8): Undefined property: Banner::$categorias in [/home/webjumpd/public_html/koch/site/models/banner.php, line 137]
2014-02-25 19:20:11 Notice: Notice (8): Undefined index: area in [/home/webjumpd/public_html/koch/site/models/banner.php, line 53]
2014-02-25 19:20:40 Notice: Notice (8): Undefined variable: width in [/home/webjumpd/public_html/koch/site/models/banner.php, line 59]
2014-02-25 19:20:40 Notice: Notice (8): Undefined variable: width in [/home/webjumpd/public_html/koch/site/models/banner.php, line 60]
2014-02-25 19:20:40 Notice: Notice (8): Undefined variable: height in [/home/webjumpd/public_html/koch/site/models/banner.php, line 61]
2014-02-25 19:20:40 Notice: Notice (8): Undefined variable: height in [/home/webjumpd/public_html/koch/site/models/banner.php, line 62]
2014-02-25 19:24:00 Notice: Notice (8): Undefined index: area in [/home/webjumpd/public_html/koch/site/models/banner.php, line 53]
2014-02-25 19:30:55 Notice: Notice (8): Undefined index: area in [/home/webjumpd/public_html/koch/site/models/banner.php, line 53]
2014-02-25 19:31:22 Notice: Notice (8): Undefined index: area in [/home/webjumpd/public_html/koch/site/models/banner.php, line 53]
2014-02-25 19:31:50 Notice: Notice (8): Undefined index: area in [/home/webjumpd/public_html/koch/site/models/banner.php, line 53]
2014-02-25 19:33:23 Notice: Notice (8): Undefined index: area in [/home/webjumpd/public_html/koch/site/models/banner.php, line 53]
2014-02-25 19:33:51 Notice: Notice (8): Undefined index: area in [/home/webjumpd/public_html/koch/site/models/banner.php, line 53]
2014-03-19 18:41:53 Notice: Notice (8): Undefined index: usuario in [/home/webjumpd/public_html/koch/site.admin/controllers/usuarios_controller.php, line 293]
2014-03-19 18:42:04 Notice: Notice (8): Undefined index: usuario in [/home/webjumpd/public_html/koch/site.admin/controllers/usuarios_controller.php, line 293]
2014-03-19 18:42:11 Notice: Notice (8): Undefined index: usuario in [/home/webjumpd/public_html/koch/site.admin/controllers/usuarios_controller.php, line 293]
2014-03-20 11:22:45 Notice: Notice (8): Undefined variable: relacionamento in [/home/webjumpd/public_html/koch/site.admin/views/elements/form/noticia.ctp, line 123]
2014-03-20 11:23:23 Notice: Notice (8): Undefined variable: relacionamento in [/home/webjumpd/public_html/koch/site.admin/views/elements/form/noticia.ctp, line 123]
2014-03-20 11:23:36 Notice: Notice (8): Undefined variable: relacionamento in [/home/webjumpd/public_html/koch/site.admin/views/elements/form/noticia.ctp, line 123]
2014-03-20 11:23:46 Notice: Notice (8): Undefined variable: relacionamento in [/home/webjumpd/public_html/koch/site.admin/views/elements/form/noticia.ctp, line 123]
2014-03-20 11:23:54 Notice: Notice (8): Undefined variable: relacionamento in [/home/webjumpd/public_html/koch/site.admin/views/elements/form/noticia.ctp, line 123]
2014-03-20 11:24:04 Notice: Notice (8): Undefined variable: relacionamento in [/home/webjumpd/public_html/koch/site.admin/views/elements/form/noticia.ctp, line 123]
2014-03-20 11:24:14 Notice: Notice (8): Undefined variable: relacionamento in [/home/webjumpd/public_html/koch/site.admin/views/elements/form/noticia.ctp, line 123]
2014-03-20 11:25:43 Notice: Notice (8): Undefined variable: relacionamento in [/home/webjumpd/public_html/koch/site.admin/views/elements/form/noticia.ctp, line 123]
2014-04-11 11:35:06 Notice: Notice (8): Undefined index: imagem_capa in [/home/webjumpd/public_html/koch/site/models/behaviors/meio_upload.php, line 1440]
2014-04-11 11:35:07 Notice: Notice (8): Undefined index: imagem_capa in [/home/webjumpd/public_html/koch/site/models/behaviors/meio_upload.php, line 1455]
2014-04-11 11:35:07 Notice: Notice (8): Undefined index: imagem_capa in [/home/webjumpd/public_html/koch/site/models/behaviors/meio_upload.php, line 1464]
2014-04-11 14:01:29 Notice: Notice (8): Undefined property: GaleriaArquivo::$__fixPosition in [/home/webjumpd/public_html/koch/site/models/behaviors/sortable.php, line 82]
2014-04-11 14:05:34 Notice: Notice (8): Undefined property: GaleriaArquivo::$__fixPosition in [/home/webjumpd/public_html/koch/site/models/behaviors/sortable.php, line 82]
2014-04-11 14:05:57 Notice: Notice (8): Undefined property: GaleriaArquivo::$__fixPosition in [/home/webjumpd/public_html/koch/site/models/behaviors/sortable.php, line 82]
2014-04-11 16:29:27 Notice: Notice (8): Undefined index: imagem_capa in [/home/webjumpd/public_html/koch/site/models/behaviors/meio_upload.php, line 1440]
2014-04-11 16:29:27 Notice: Notice (8): Undefined index: imagem_capa in [/home/webjumpd/public_html/koch/site/models/behaviors/meio_upload.php, line 1455]
2014-04-11 16:29:27 Notice: Notice (8): Undefined index: imagem_capa in [/home/webjumpd/public_html/koch/site/models/behaviors/meio_upload.php, line 1464]
2014-04-12 15:46:31 Notice: Notice (8): Undefined property: Parceiro::$insertId in [/home/webjumpd/public_html/koch/site/models/behaviors/logable.php, line 437]
2014-04-12 15:46:31 Notice: Notice (8): Undefined variable: id in [/home/webjumpd/public_html/koch/site/models/behaviors/logable.php, line 441]
2014-04-12 15:46:31 Notice: Notice (8): Undefined variable: id in [/home/webjumpd/public_html/koch/site/models/behaviors/logable.php, line 450]
2014-04-12 15:46:31 Notice: Notice (8): Undefined property: Parceiro::$insertId in [/home/webjumpd/public_html/koch/site/models/behaviors/logable.php, line 584]
2014-04-28 13:43:34 Notice: Notice (8): Undefined index: imagem_capa in [/home/webjumpd/public_html/koch/site/models/behaviors/meio_upload.php, line 1440]
2014-04-28 13:43:34 Notice: Notice (8): Undefined index: imagem_capa in [/home/webjumpd/public_html/koch/site/models/behaviors/meio_upload.php, line 1455]
2014-04-28 13:43:34 Notice: Notice (8): Undefined index: imagem_capa in [/home/webjumpd/public_html/koch/site/models/behaviors/meio_upload.php, line 1464]
2014-04-28 13:43:54 Notice: Notice (8): Undefined index: imagem_capa in [/home/webjumpd/public_html/koch/site/models/behaviors/meio_upload.php, line 1440]
2014-04-28 13:43:54 Notice: Notice (8): Undefined index: imagem_capa in [/home/webjumpd/public_html/koch/site/models/behaviors/meio_upload.php, line 1455]
2014-04-28 13:43:54 Notice: Notice (8): Undefined index: imagem_capa in [/home/webjumpd/public_html/koch/site/models/behaviors/meio_upload.php, line 1464]
2014-04-28 22:30:26 Notice: Notice (8): Undefined property: qqFileUploader::$filename in [/home/webjumpd/public_html/koch/site.admin/controllers/galeria_arquivos_controller.php, line 45]
2014-04-28 22:30:28 Notice: Notice (8): Undefined property: qqFileUploader::$filename in [/home/webjumpd/public_html/koch/site.admin/controllers/galeria_arquivos_controller.php, line 45]
2014-04-28 22:30:29 Notice: Notice (8): Undefined property: qqFileUploader::$filename in [/home/webjumpd/public_html/koch/site.admin/controllers/galeria_arquivos_controller.php, line 45]
2014-04-28 22:30:30 Notice: Notice (8): Undefined property: qqFileUploader::$filename in [/home/webjumpd/public_html/koch/site.admin/controllers/galeria_arquivos_controller.php, line 45]
2014-04-28 22:30:31 Notice: Notice (8): Undefined property: qqFileUploader::$filename in [/home/webjumpd/public_html/koch/site.admin/controllers/galeria_arquivos_controller.php, line 45]
2014-04-28 22:30:33 Notice: Notice (8): Undefined property: qqFileUploader::$filename in [/home/webjumpd/public_html/koch/site.admin/controllers/galeria_arquivos_controller.php, line 45]
2014-04-28 22:30:34 Notice: Notice (8): Undefined property: qqFileUploader::$filename in [/home/webjumpd/public_html/koch/site.admin/controllers/galeria_arquivos_controller.php, line 45]
2014-04-28 22:30:35 Notice: Notice (8): Undefined property: qqFileUploader::$filename in [/home/webjumpd/public_html/koch/site.admin/controllers/galeria_arquivos_controller.php, line 45]
2014-04-28 22:30:36 Notice: Notice (8): Undefined property: qqFileUploader::$filename in [/home/webjumpd/public_html/koch/site.admin/controllers/galeria_arquivos_controller.php, line 45]
2014-04-28 22:30:37 Notice: Notice (8): Undefined property: qqFileUploader::$filename in [/home/webjumpd/public_html/koch/site.admin/controllers/galeria_arquivos_controller.php, line 45]
2014-04-28 22:30:39 Notice: Notice (8): Undefined property: qqFileUploader::$filename in [/home/webjumpd/public_html/koch/site.admin/controllers/galeria_arquivos_controller.php, line 45]
2014-05-10 01:28:34 Notice: Notice (8): Undefined property: Sistema::$usuario in [/home/webjumpd/public_html/koch/site/models/sistema.php, line 149]
2014-05-10 01:33:20 Notice: Notice (8): Undefined property: Sistema::$usuario in [/home/webjumpd/public_html/koch/site/models/sistema.php, line 149]
2014-05-10 01:34:39 Notice: Notice (8): Undefined property: Sistema::$usuario in [/home/webjumpd/public_html/koch/site/models/sistema.php, line 149]
2014-05-10 01:36:08 Notice: Notice (8): Undefined property: Sistema::$usuario in [/home/webjumpd/public_html/koch/site/models/sistema.php, line 149]
2014-05-10 02:10:23 Notice: Notice (8): Undefined variable: friendly_url in [/home/webjumpd/public_html/koch/site.admin/controllers/sistemas_controller.php, line 26]
2014-05-10 02:11:28 Notice: Notice (8): Undefined variable: id in [/home/webjumpd/public_html/koch/site.admin/controllers/sistemas_controller.php, line 41]
2014-05-10 02:11:32 Notice: Notice (8): Undefined variable: id in [/home/webjumpd/public_html/koch/site.admin/controllers/sistemas_controller.php, line 41]
2014-05-10 02:15:28 Notice: Notice (8): Undefined variable: print_r in [/home/webjumpd/public_html/koch/site.admin/controllers/sistemas_controller.php, line 28]
2014-05-10 02:15:31 Notice: Notice (8): Undefined variable: print_r in [/home/webjumpd/public_html/koch/site.admin/controllers/sistemas_controller.php, line 28]
2014-05-10 02:15:43 Notice: Notice (8): Undefined variable: print_r in [/home/webjumpd/public_html/koch/site.admin/controllers/sistemas_controller.php, line 28]
2014-05-10 02:17:46 Notice: Notice (8): ob_clean() [<a href='ref.outcontrol'>ref.outcontrol</a>]: failed to delete buffer. No buffer to delete in [/home/webjumpd/public_html/koch/site.admin/controllers/sistemas_controller.php, line 41]
2014-05-10 02:17:57 Notice: Notice (8): ob_clean() [<a href='ref.outcontrol'>ref.outcontrol</a>]: failed to delete buffer. No buffer to delete in [/home/webjumpd/public_html/koch/site.admin/controllers/sistemas_controller.php, line 41]
2014-05-10 02:25:52 Notice: Notice (8): ob_clean() [<a href='ref.outcontrol'>ref.outcontrol</a>]: failed to delete buffer. No buffer to delete in [/home/webjumpd/public_html/koch/site.admin/controllers/sistemas_controller.php, line 41]
2014-05-11 20:53:42 Notice: Notice (8): Undefined property: Texto::$texto in [/home/webjumpd/public_html/koch/site/models/texto.php, line 82]
2014-05-11 20:53:51 Notice: Notice (8): Undefined property: Texto::$Texto in [/home/webjumpd/public_html/koch/site/models/texto.php, line 82]
2014-05-11 21:08:13 Notice: Notice (8): Undefined property: Texto::$request in [/home/webjumpd/public_html/koch/site/models/texto.php, line 82]
2014-05-11 21:08:13 Notice: Notice (8): Trying to get property of non-object in [/home/webjumpd/public_html/koch/site/models/texto.php, line 82]
2014-05-11 21:08:15 Notice: Notice (8): Undefined property: Texto::$request in [/home/webjumpd/public_html/koch/site/models/texto.php, line 82]
2014-05-11 21:08:15 Notice: Notice (8): Trying to get property of non-object in [/home/webjumpd/public_html/koch/site/models/texto.php, line 82]
2014-05-11 21:08:33 Notice: Notice (8): Undefined property: Texto::$Texto in [/home/webjumpd/public_html/koch/site/models/texto.php, line 82]
2014-05-11 21:08:33 Notice: Notice (8): Trying to get property of non-object in [/home/webjumpd/public_html/koch/site/models/texto.php, line 82]
2014-05-11 21:08:55 Notice: Notice (8): Undefined property: Texto::$87 in [/home/webjumpd/public_html/koch/site/models/texto.php, line 82]
2014-05-11 21:09:36 Notice: Notice (8): Undefined variable: parent_id in [/home/webjumpd/public_html/koch/site/models/texto.php, line 82]
2014-05-11 21:09:45 Notice: Notice (8): Undefined property: Texto::$parent_id in [/home/webjumpd/public_html/koch/site/models/texto.php, line 82]
2014-05-11 21:09:50 Notice: Notice (8): Undefined variable: parent_id in [/home/webjumpd/public_html/koch/site/models/texto.php, line 82]
2014-05-11 21:11:14 Notice: Notice (8): Undefined variable: setupAdmin in [/home/webjumpd/public_html/koch/site/models/texto.php, line 82]
2014-05-11 21:19:45 Notice: Notice (8): Undefined property: Texto::$Texto in [/home/webjumpd/public_html/koch/site/models/texto.php, line 82]
2014-05-11 21:19:56 Notice: Notice (8): Undefined property: Texto::$Textos in [/home/webjumpd/public_html/koch/site/models/texto.php, line 82]
2014-05-11 21:20:18 Notice: Notice (8): Undefined property: Texto::$request in [/home/webjumpd/public_html/koch/site/models/texto.php, line 82]
2014-05-11 21:27:07 Notice: Notice (8): Undefined variable: id in [/home/webjumpd/public_html/koch/site.admin/views/layouts/admin.ctp, line 220]
2014-05-11 21:27:36 Notice: Notice (8): Undefined variable: id in [/home/webjumpd/public_html/koch/site.admin/views/layouts/admin.ctp, line 218]
2014-05-11 21:27:52 Notice: Notice (8): Undefined variable: id in [/home/webjumpd/public_html/koch/site.admin/views/layouts/admin.ctp, line 218]
2014-05-11 21:30:29 Notice: Notice (8): Undefined property: Texto::$categorias in [/home/webjumpd/public_html/koch/site/models/texto.php, line 81]
2014-05-15 21:43:23 Notice: Notice (8): ob_clean() [<a href='ref.outcontrol'>ref.outcontrol</a>]: failed to delete buffer. No buffer to delete in [/home/webjumpd/public_html/koch/site.admin/controllers/sistemas_controller.php, line 41]
2014-05-15 21:43:28 Notice: Notice (8): ob_clean() [<a href='ref.outcontrol'>ref.outcontrol</a>]: failed to delete buffer. No buffer to delete in [/home/webjumpd/public_html/koch/site.admin/controllers/sistemas_controller.php, line 41]
2014-05-27 11:43:16 Notice: Notice (8): Undefined property: GaleriaArquivo::$__fixPosition in [/home/webjumpd/public_html/koch/site/models/behaviors/sortable.php, line 82]
2014-05-27 11:43:48 Notice: Notice (8): Undefined property: GaleriaArquivo::$__fixPosition in [/home/webjumpd/public_html/koch/site/models/behaviors/sortable.php, line 82]
2014-06-24 20:13:52 Notice: Notice (8): Undefined variable: mail in [/home/kochtava/public_html/site/models/usuario.php, line 191]
2014-06-24 20:13:52 Notice: Notice (8): Trying to get property of non-object in [/home/kochtava/public_html/site/models/usuario.php, line 191]
2014-06-24 20:14:45 Notice: Notice (8): Undefined variable: mail in [/home/kochtava/public_html/site/models/usuario.php, line 191]
2014-06-24 20:14:45 Notice: Notice (8): Trying to get property of non-object in [/home/kochtava/public_html/site/models/usuario.php, line 191]
2014-06-24 20:16:34 Notice: Notice (8): Undefined variable: mail in [/home/kochtava/public_html/site/models/usuario.php, line 191]
2014-06-24 20:16:34 Notice: Notice (8): Trying to get property of non-object in [/home/kochtava/public_html/site/models/usuario.php, line 191]
2014-06-25 18:17:31 Notice: Notice (8): Undefined property: GaleriaArquivo::$__fixPosition in [/home/kochtava/public_html/site/models/behaviors/sortable.php, line 82]
2014-06-25 18:17:53 Notice: Notice (8): Undefined property: GaleriaArquivo::$__fixPosition in [/home/kochtava/public_html/site/models/behaviors/sortable.php, line 82]
2014-06-25 18:19:22 Notice: Notice (8): Undefined property: GaleriaArquivo::$__fixPosition in [/home/kochtava/public_html/site/models/behaviors/sortable.php, line 82]
